<?xml version="1.0" encoding="UTF-8"?>
<testsuite name="LaterKotlinClass" tests="1" skipped="0" failures="0" errors="0" timestamp="2020-12-17T11:05:41" hostname="astroid" time="0.078">
  <properties/>
  <testcase name="can_pass_lambda_instead_of_interface[jvm]" classname="LaterKotlinClass" time="0.078"/>
  <system-out><![CDATA[]]></system-out>
  <system-err><![CDATA[]]></system-err>
</testsuite>
